Added Component: Designator=C1(CN1.5)
Added Component: Designator=D1(LED-0 3mm RED)
Added Component: Designator=D2(D2A)
Added Component: Designator=D3(D2A)
Added Component: Designator=D4(D2A)
Added Component: Designator=D5(D2A)
Added Component: Designator=D6(D2A)
Added Component: Designator=D7(D2A)
Added Component: Designator=D8(D2A)
Added Component: Designator=D9(D2A)
Added Component: Designator=HD1(HED2)
Added Component: Designator=HD2(HED2)
Added Component: Designator=IC1(DIP15SL2)
Added Component: Designator=JP1(JP6)
Added Component: Designator=R1(R1/4W)
Added Component: Designator=U1(TO-220)
Added Pin To Net: NetName=GND Pin=D6-2
Added Pin To Net: NetName=GND Pin=D7-2
Added Pin To Net: NetName=GND Pin=D8-2
Added Pin To Net: NetName=GND Pin=D9-2
Added Pin To Net: NetName=GND Pin=IC1-1
Added Pin To Net: NetName=GND Pin=IC1-8
Added Pin To Net: NetName=GND Pin=IC1-15
Added Pin To Net: NetName=GND Pin=U1-2
Added Net: Name=GND
Added Pin To Net: NetName=NetC1_1 Pin=C1-1
Added Pin To Net: NetName=NetC1_1 Pin=D1-2
Added Pin To Net: NetName=NetC1_1 Pin=D2-2
Added Pin To Net: NetName=NetC1_1 Pin=D3-2
Added Pin To Net: NetName=NetC1_1 Pin=D4-2
Added Pin To Net: NetName=NetC1_1 Pin=D5-2
Added Pin To Net: NetName=NetC1_1 Pin=IC1-9
Added Net: Name=NetC1_1
Added Pin To Net: NetName=NetC1_2 Pin=C1-2
Added Pin To Net: NetName=NetC1_2 Pin=R1-2
Added Pin To Net: NetName=NetC1_2 Pin=U1-3
Added Net: Name=NetC1_2
Added Pin To Net: NetName=NetD1_1 Pin=D1-1
Added Pin To Net: NetName=NetD1_1 Pin=R1-1
Added Net: Name=NetD1_1
Added Pin To Net: NetName=NetD2_1 Pin=D2-1
Added Pin To Net: NetName=NetD2_1 Pin=D6-1
Added Pin To Net: NetName=NetD2_1 Pin=HD1-1
Added Pin To Net: NetName=NetD2_1 Pin=IC1-2
Added Net: Name=NetD2_1
Added Pin To Net: NetName=NetD3_1 Pin=D3-1
Added Pin To Net: NetName=NetD3_1 Pin=D7-1
Added Pin To Net: NetName=NetD3_1 Pin=HD1-2
Added Pin To Net: NetName=NetD3_1 Pin=IC1-3
Added Net: Name=NetD3_1
Added Pin To Net: NetName=NetD4_1 Pin=D4-1
Added Pin To Net: NetName=NetD4_1 Pin=D8-1
Added Pin To Net: NetName=NetD4_1 Pin=HD2-1
Added Pin To Net: NetName=NetD4_1 Pin=IC1-13
Added Net: Name=NetD4_1
Added Pin To Net: NetName=NetD5_1 Pin=D5-1
Added Pin To Net: NetName=NetD5_1 Pin=D9-1
Added Pin To Net: NetName=NetD5_1 Pin=HD2-2
Added Pin To Net: NetName=NetD5_1 Pin=IC1-14
Added Net: Name=NetD5_1
Added Pin To Net: NetName=NetIC1_4 Pin=IC1-4
Added Pin To Net: NetName=NetIC1_4 Pin=U1-1
Added Net: Name=NetIC1_4
Added Pin To Net: NetName=NetIC1_5 Pin=IC1-5
Added Pin To Net: NetName=NetIC1_5 Pin=JP1-5
Added Net: Name=NetIC1_5
Added Pin To Net: NetName=NetIC1_6 Pin=IC1-6
Added Pin To Net: NetName=NetIC1_6 Pin=JP1-6
Added Net: Name=NetIC1_6
Added Pin To Net: NetName=NetIC1_7 Pin=IC1-7
Added Pin To Net: NetName=NetIC1_7 Pin=JP1-4
Added Net: Name=NetIC1_7
Added Pin To Net: NetName=NetIC1_10 Pin=IC1-10
Added Pin To Net: NetName=NetIC1_10 Pin=JP1-2
Added Net: Name=NetIC1_10
Added Pin To Net: NetName=NetIC1_11 Pin=IC1-11
Added Pin To Net: NetName=NetIC1_11 Pin=JP1-3
Added Net: Name=NetIC1_11
Added Pin To Net: NetName=NetIC1_12 Pin=IC1-12
Added Pin To Net: NetName=NetIC1_12 Pin=JP1-1
Added Net: Name=NetIC1_12
Added Class: Name=so_do_nguyen_ly
Added Room: Name=so_do_nguyen_ly
