Added Component: Designator=BAT1(HED2)
Added Component: Designator=C1(Cap Non-Pol 3mm)
Added Component: Designator=C2(Cap Non-Pol 3mm)
Added Component: Designator=C3(Cap Non-Pol 3mm)
Added Component: Designator=D1(D2A)
Added Component: Designator=IC1(DIP8)
Added Component: Designator=L1(L/0.4)
Added Component: Designator=QB1(QTO-247)
Added Component: Designator=R1(RES-1/4W)
Added Component: Designator=R2(VR5)
Added Component: Designator=R3(RES-1/4W)
Added Component: Designator=Vout1(HED2)
Added Pin To Net: NetName=GND Pin=BAT1-1
Added Pin To Net: NetName=GND Pin=C1-1
Added Pin To Net: NetName=GND Pin=C2-1
Added Pin To Net: NetName=GND Pin=C3-1
Added Pin To Net: NetName=GND Pin=IC1-1
Added Pin To Net: NetName=GND Pin=QB1-3
Added Pin To Net: NetName=GND Pin=Vout1-2
Added Net: Name=GND
Added Pin To Net: NetName=NetBAT1_2 Pin=BAT1-2
Added Pin To Net: NetName=NetBAT1_2 Pin=IC1-4
Added Pin To Net: NetName=NetBAT1_2 Pin=IC1-8
Added Pin To Net: NetName=NetBAT1_2 Pin=L1-2
Added Pin To Net: NetName=NetBAT1_2 Pin=R1-2
Added Net: Name=NetBAT1_2
Added Pin To Net: NetName=NetC1_2 Pin=C1-2
Added Pin To Net: NetName=NetC1_2 Pin=D1-2
Added Pin To Net: NetName=NetC1_2 Pin=Vout1-1
Added Net: Name=NetC1_2
Added Pin To Net: NetName=NetC2_2 Pin=C2-2
Added Pin To Net: NetName=NetC2_2 Pin=IC1-5
Added Net: Name=NetC2_2
Added Pin To Net: NetName=NetC3_2 Pin=C3-2
Added Pin To Net: NetName=NetC3_2 Pin=IC1-2
Added Pin To Net: NetName=NetC3_2 Pin=IC1-6
Added Pin To Net: NetName=NetC3_2 Pin=R2-1
Added Pin To Net: NetName=NetC3_2 Pin=R2-3
Added Net: Name=NetC3_2
Added Pin To Net: NetName=NetD1_1 Pin=D1-1
Added Pin To Net: NetName=NetD1_1 Pin=L1-1
Added Pin To Net: NetName=NetD1_1 Pin=QB1-2
Added Net: Name=NetD1_1
Added Pin To Net: NetName=NetIC1_3 Pin=IC1-3
Added Pin To Net: NetName=NetIC1_3 Pin=R3-2
Added Net: Name=NetIC1_3
Added Pin To Net: NetName=NetIC1_7 Pin=IC1-7
Added Pin To Net: NetName=NetIC1_7 Pin=R1-1
Added Pin To Net: NetName=NetIC1_7 Pin=R2-2
Added Net: Name=NetIC1_7
Added Pin To Net: NetName=NetQB1_1 Pin=QB1-1
Added Pin To Net: NetName=NetQB1_1 Pin=R3-1
Added Net: Name=NetQB1_1
Added Class: Name=principle_diagram_boost_converter
Added Room: Name=principle_diagram_boost_converter
