Removed Pin From Net: NetName=Net*1_1 Pin=D9-2
Removed Pin From Net: NetName=+5 Pin=J1-2
Change Component Designator: OldDesignator=D5 NewDesignator=D6
Change Component Designator: OldDesignator=D6 NewDesignator=D7
Change Component Designator: OldDesignator=D7 NewDesignator=D8
Change Component Designator: OldDesignator=D8 NewDesignator=D9
Added Component: Designator=D5(DO-41)
Added Pin To Net: NetName=Net*1_1 Pin=C1-3
Added Pin To Net: NetName=Net*1_1 Pin=C2-1
Added Pin To Net: NetName=+5 Pin=D5-2
Change Net Name : Old Net Name=Net*1_1 New Net Name=VCC
Change Net Name : Old Net Name=NetD5_1 New Net Name=NetD6_1
Change Net Name : Old Net Name=NetD5_2 New Net Name=NetD6_2
Change Net Name : Old Net Name=NetD6_1 New Net Name=NetD7_1
Change Net Name : Old Net Name=NetD6_2 New Net Name=NetD7_2
Change Net Name : Old Net Name=NetD7_1 New Net Name=NetD8_1
Change Net Name : Old Net Name=NetD7_2 New Net Name=NetD8_2
Change Net Name : Old Net Name=NetD8_1 New Net Name=NetD9_1
Change Net Name : Old Net Name=NetD8_2 New Net Name=NetD9_2
Added Pin To Net: NetName=NetD5_1 Pin=D5-1
Added Pin To Net: NetName=NetD5_1 Pin=J1-2
Added Net: Name=NetD5_1
Added Room: Name=rs232_pic
