Change Component Designator: OldDesignator=D5 NewDesignator=D9
Change Component Designator: OldDesignator=D6 NewDesignator=D5
Change Component Designator: OldDesignator=D7 NewDesignator=D6
Change Component Designator: OldDesignator=D8 NewDesignator=D7
Change Component Designator: OldDesignator=D9 NewDesignator=D8
Change Component Designator: OldDesignator=J1 NewDesignator=J2
Change Component Designator: OldDesignator=J2 NewDesignator=J1
Added Component: Designator=IC1(ESP8266 NodeMCU)
Added Component: Designator=U2(MODULE_ESP32-DEVKITV1)
Change Net Name : Old Net Name=NetD5_1 New Net Name=NetD9_1
Change Net Name : Old Net Name=NetD6_1 New Net Name=NetD5_1
Change Net Name : Old Net Name=NetD6_2 New Net Name=NetD5_2
Change Net Name : Old Net Name=NetD7_1 New Net Name=NetD6_1
Change Net Name : Old Net Name=NetD7_2 New Net Name=NetD6_2
Change Net Name : Old Net Name=NetD8_1 New Net Name=NetD7_1
Change Net Name : Old Net Name=NetD8_2 New Net Name=NetD7_2
Change Net Name : Old Net Name=NetD9_1 New Net Name=NetD8_1
Change Net Name : Old Net Name=NetD9_2 New Net Name=NetD8_2
Change Net Name : Old Net Name=NetJ2_1 New Net Name=NetJ1_1
Change Net Name : Old Net Name=NetJ2_2 New Net Name=NetJ1_2
Change Net Name : Old Net Name=NetJ2_3 New Net Name=NetJ1_3
Added Member To Class: ClassName=rs232_pic Member=Component IC1 ESP8266 NODE MCU
Added Member To Class: ClassName=rs232_pic Member=Component U2 ESP32-DEVKITC-32D
Added Room: Name=rs232_pic
