Added Component: Designator=*1(JP8X2)
Added Component: Designator=C1(JP4-C1T)
Added Component: Designator=C2(CN1.5)
Added Component: Designator=C3(CN1.5)
Added Component: Designator=C4(JP2-CLOSED)
Added Component: Designator=C5(CN1.5)
Added Component: Designator=C6(CN1.5)
Added Component: Designator=C7(CN1.5)
Added Component: Designator=D1(LED-0 5mm BLUE)
Added Component: Designator=D2(LED-0 5mm BLUE)
Added Component: Designator=D3(LED-0 5mm BLUE)
Added Component: Designator=D4(LED-0 5mm BLUE)
Added Component: Designator=D5(LED-0 5mm BLUE)
Added Component: Designator=D6(LED-0 5mm BLUE)
Added Component: Designator=D7(LED-0 5mm BLUE)
Added Component: Designator=D8(LED-0 5mm BLUE)
Added Component: Designator=D9(DO-41)
Added Component: Designator=J1(Domino 2M)
Added Component: Designator=J2(JP3)
Added Component: Designator=JDC1(DC0)
Added Component: Designator=JP1(JP6)
Added Component: Designator=JP2(JP8)
Added Component: Designator=JP3(JP8)
Added Component: Designator=JP4(JP8)
Added Component: Designator=JP5(JP6)
Added Component: Designator=JP6(JP8)
Added Component: Designator=R1(RES-1/2W)
Added Component: Designator=R2(RES-1/2W)
Added Component: Designator=R3(RES-1/2W)
Added Component: Designator=R4(RES-1/2W)
Added Component: Designator=R5(RES-1/2W)
Added Component: Designator=R6(RES-1/2W)
Added Component: Designator=R7(RES-1/2W)
Added Component: Designator=R8(RES-1/2W)
Added Component: Designator=R9(RES-1/2W)
Added Component: Designator=SW1(SW2-DIP)
Added Component: Designator=U1(DIP-40)
Added Component: Designator=XT1(Crystal.HC49_N)
Added Pin To Net: NetName=+5 Pin=C4-2
Added Pin To Net: NetName=+5 Pin=J1-2
Added Pin To Net: NetName=+5 Pin=JDC1-1
Added Pin To Net: NetName=+5 Pin=R9-1
Added Net: Name=+5
Added Pin To Net: NetName=GND Pin=*1-9
Added Pin To Net: NetName=GND Pin=*1-10
Added Pin To Net: NetName=GND Pin=*1-11
Added Pin To Net: NetName=GND Pin=*1-12
Added Pin To Net: NetName=GND Pin=*1-13
Added Pin To Net: NetName=GND Pin=*1-14
Added Pin To Net: NetName=GND Pin=*1-15
Added Pin To Net: NetName=GND Pin=*1-16
Added Pin To Net: NetName=GND Pin=C1-4
Added Pin To Net: NetName=GND Pin=C2-2
Added Pin To Net: NetName=GND Pin=C3-1
Added Pin To Net: NetName=GND Pin=C5-1
Added Pin To Net: NetName=GND Pin=C6-1
Added Pin To Net: NetName=GND Pin=C7-2
Added Pin To Net: NetName=GND Pin=J1-1
Added Pin To Net: NetName=GND Pin=JDC1-2
Added Pin To Net: NetName=GND Pin=JP1-3
Added Pin To Net: NetName=GND Pin=SW1-1
Added Pin To Net: NetName=GND Pin=U1-12
Added Pin To Net: NetName=GND Pin=U1-31
Added Net: Name=GND
Added Pin To Net: NetName=Net*1_1 Pin=*1-1
Added Pin To Net: NetName=Net*1_1 Pin=*1-2
Added Pin To Net: NetName=Net*1_1 Pin=*1-3
Added Pin To Net: NetName=Net*1_1 Pin=*1-4
Added Pin To Net: NetName=Net*1_1 Pin=*1-5
Added Pin To Net: NetName=Net*1_1 Pin=*1-6
Added Pin To Net: NetName=Net*1_1 Pin=*1-7
Added Pin To Net: NetName=Net*1_1 Pin=*1-8
Added Pin To Net: NetName=Net*1_1 Pin=C6-2
Added Pin To Net: NetName=Net*1_1 Pin=D9-2
Added Pin To Net: NetName=Net*1_1 Pin=JP1-2
Added Pin To Net: NetName=Net*1_1 Pin=U1-11
Added Pin To Net: NetName=Net*1_1 Pin=U1-32
Added Net: Name=Net*1_1
Added Pin To Net: NetName=NetC1_1 Pin=C1-1
Added Pin To Net: NetName=NetC1_1 Pin=JP4-7
Added Pin To Net: NetName=NetC1_1 Pin=U1-25
Added Net: Name=NetC1_1
Added Pin To Net: NetName=NetC1_2 Pin=C1-2
Added Pin To Net: NetName=NetC1_2 Pin=JP4-8
Added Pin To Net: NetName=NetC1_2 Pin=U1-26
Added Net: Name=NetC1_2
Added Pin To Net: NetName=NetC3_2 Pin=C3-2
Added Pin To Net: NetName=NetC3_2 Pin=U1-13
Added Pin To Net: NetName=NetC3_2 Pin=XT1-2
Added Net: Name=NetC3_2
Added Pin To Net: NetName=NetC4_1 Pin=C4-1
Added Pin To Net: NetName=NetC4_1 Pin=R1-1
Added Pin To Net: NetName=NetC4_1 Pin=R2-1
Added Pin To Net: NetName=NetC4_1 Pin=R3-1
Added Pin To Net: NetName=NetC4_1 Pin=R4-1
Added Pin To Net: NetName=NetC4_1 Pin=R5-1
Added Pin To Net: NetName=NetC4_1 Pin=R6-1
Added Pin To Net: NetName=NetC4_1 Pin=R7-1
Added Pin To Net: NetName=NetC4_1 Pin=R8-1
Added Net: Name=NetC4_1
Added Pin To Net: NetName=NetC5_2 Pin=C5-2
Added Pin To Net: NetName=NetC5_2 Pin=U1-14
Added Pin To Net: NetName=NetC5_2 Pin=XT1-1
Added Net: Name=NetC5_2
Added Pin To Net: NetName=NetC7_1 Pin=C7-1
Added Pin To Net: NetName=NetC7_1 Pin=JP1-1
Added Pin To Net: NetName=NetC7_1 Pin=R9-2
Added Pin To Net: NetName=NetC7_1 Pin=SW1-2
Added Pin To Net: NetName=NetC7_1 Pin=U1-1
Added Net: Name=NetC7_1
Added Pin To Net: NetName=NetD1_1 Pin=D1-1
Added Pin To Net: NetName=NetD1_1 Pin=R1-2
Added Net: Name=NetD1_1
Added Pin To Net: NetName=NetD1_2 Pin=D1-2
Added Pin To Net: NetName=NetD1_2 Pin=JP2-2
Added Net: Name=NetD1_2
Added Pin To Net: NetName=NetD2_1 Pin=D2-1
Added Pin To Net: NetName=NetD2_1 Pin=R2-2
Added Net: Name=NetD2_1
Added Pin To Net: NetName=NetD2_2 Pin=D2-2
Added Pin To Net: NetName=NetD2_2 Pin=JP2-1
Added Net: Name=NetD2_2
Added Pin To Net: NetName=NetD3_1 Pin=D3-1
Added Pin To Net: NetName=NetD3_1 Pin=R3-2
Added Net: Name=NetD3_1
Added Pin To Net: NetName=NetD3_2 Pin=D3-2
Added Pin To Net: NetName=NetD3_2 Pin=JP2-3
Added Net: Name=NetD3_2
Added Pin To Net: NetName=NetD4_1 Pin=D4-1
Added Pin To Net: NetName=NetD4_1 Pin=R4-2
Added Net: Name=NetD4_1
Added Pin To Net: NetName=NetD4_2 Pin=D4-2
Added Pin To Net: NetName=NetD4_2 Pin=JP2-4
Added Net: Name=NetD4_2
Added Pin To Net: NetName=NetD5_1 Pin=D5-1
Added Pin To Net: NetName=NetD5_1 Pin=R5-2
Added Net: Name=NetD5_1
Added Pin To Net: NetName=NetD5_2 Pin=D5-2
Added Pin To Net: NetName=NetD5_2 Pin=JP2-5
Added Net: Name=NetD5_2
Added Pin To Net: NetName=NetD6_1 Pin=D6-1
Added Pin To Net: NetName=NetD6_1 Pin=R6-2
Added Net: Name=NetD6_1
Added Pin To Net: NetName=NetD6_2 Pin=D6-2
Added Pin To Net: NetName=NetD6_2 Pin=JP2-6
Added Net: Name=NetD6_2
Added Pin To Net: NetName=NetD7_1 Pin=D7-1
Added Pin To Net: NetName=NetD7_1 Pin=R7-2
Added Net: Name=NetD7_1
Added Pin To Net: NetName=NetD7_2 Pin=D7-2
Added Pin To Net: NetName=NetD7_2 Pin=JP2-7
Added Net: Name=NetD7_2
Added Pin To Net: NetName=NetD8_1 Pin=D8-1
Added Pin To Net: NetName=NetD8_1 Pin=R8-2
Added Net: Name=NetD8_1
Added Pin To Net: NetName=NetD8_2 Pin=D8-2
Added Pin To Net: NetName=NetD8_2 Pin=JP2-8
Added Net: Name=NetD8_2
Added Pin To Net: NetName=NetJ2_1 Pin=J2-1
Added Pin To Net: NetName=NetJ2_1 Pin=U1-8
Added Net: Name=NetJ2_1
Added Pin To Net: NetName=NetJ2_2 Pin=J2-2
Added Pin To Net: NetName=NetJ2_2 Pin=U1-9
Added Net: Name=NetJ2_2
Added Pin To Net: NetName=NetJ2_3 Pin=J2-3
Added Pin To Net: NetName=NetJ2_3 Pin=U1-10
Added Net: Name=NetJ2_3
Added Pin To Net: NetName=NetJP1_4 Pin=JP1-4
Added Pin To Net: NetName=NetJP1_4 Pin=JP3-1
Added Pin To Net: NetName=NetJP1_4 Pin=U1-40
Added Net: Name=NetJP1_4
Added Pin To Net: NetName=NetJP1_5 Pin=JP1-5
Added Pin To Net: NetName=NetJP1_5 Pin=JP3-2
Added Pin To Net: NetName=NetJP1_5 Pin=U1-39
Added Net: Name=NetJP1_5
Added Pin To Net: NetName=NetJP3_3 Pin=JP3-3
Added Pin To Net: NetName=NetJP3_3 Pin=U1-38
Added Net: Name=NetJP3_3
Added Pin To Net: NetName=NetJP3_4 Pin=JP3-4
Added Pin To Net: NetName=NetJP3_4 Pin=U1-37
Added Net: Name=NetJP3_4
Added Pin To Net: NetName=NetJP3_5 Pin=JP3-5
Added Pin To Net: NetName=NetJP3_5 Pin=U1-36
Added Net: Name=NetJP3_5
Added Pin To Net: NetName=NetJP3_6 Pin=JP3-6
Added Pin To Net: NetName=NetJP3_6 Pin=U1-35
Added Net: Name=NetJP3_6
Added Pin To Net: NetName=NetJP3_7 Pin=JP3-7
Added Pin To Net: NetName=NetJP3_7 Pin=U1-34
Added Net: Name=NetJP3_7
Added Pin To Net: NetName=NetJP3_8 Pin=JP3-8
Added Pin To Net: NetName=NetJP3_8 Pin=U1-33
Added Net: Name=NetJP3_8
Added Pin To Net: NetName=NetJP4_1 Pin=JP4-1
Added Pin To Net: NetName=NetJP4_1 Pin=U1-15
Added Net: Name=NetJP4_1
Added Pin To Net: NetName=NetJP4_2 Pin=JP4-2
Added Pin To Net: NetName=NetJP4_2 Pin=U1-16
Added Net: Name=NetJP4_2
Added Pin To Net: NetName=NetJP4_3 Pin=JP4-3
Added Pin To Net: NetName=NetJP4_3 Pin=U1-17
Added Net: Name=NetJP4_3
Added Pin To Net: NetName=NetJP4_4 Pin=JP4-4
Added Pin To Net: NetName=NetJP4_4 Pin=U1-18
Added Net: Name=NetJP4_4
Added Pin To Net: NetName=NetJP4_5 Pin=JP4-5
Added Pin To Net: NetName=NetJP4_5 Pin=U1-23
Added Net: Name=NetJP4_5
Added Pin To Net: NetName=NetJP4_6 Pin=JP4-6
Added Pin To Net: NetName=NetJP4_6 Pin=U1-24
Added Net: Name=NetJP4_6
Added Pin To Net: NetName=NetJP5_1 Pin=JP5-1
Added Pin To Net: NetName=NetJP5_1 Pin=U1-7
Added Net: Name=NetJP5_1
Added Pin To Net: NetName=NetJP5_2 Pin=JP5-2
Added Pin To Net: NetName=NetJP5_2 Pin=U1-6
Added Net: Name=NetJP5_2
Added Pin To Net: NetName=NetJP5_3 Pin=JP5-3
Added Pin To Net: NetName=NetJP5_3 Pin=U1-5
Added Net: Name=NetJP5_3
Added Pin To Net: NetName=NetJP5_4 Pin=JP5-4
Added Pin To Net: NetName=NetJP5_4 Pin=U1-4
Added Net: Name=NetJP5_4
Added Pin To Net: NetName=NetJP5_5 Pin=JP5-5
Added Pin To Net: NetName=NetJP5_5 Pin=U1-3
Added Net: Name=NetJP5_5
Added Pin To Net: NetName=NetJP5_6 Pin=JP5-6
Added Pin To Net: NetName=NetJP5_6 Pin=U1-2
Added Net: Name=NetJP5_6
Added Pin To Net: NetName=NetJP6_1 Pin=JP6-1
Added Pin To Net: NetName=NetJP6_1 Pin=U1-19
Added Net: Name=NetJP6_1
Added Pin To Net: NetName=NetJP6_2 Pin=JP6-2
Added Pin To Net: NetName=NetJP6_2 Pin=U1-20
Added Net: Name=NetJP6_2
Added Pin To Net: NetName=NetJP6_3 Pin=JP6-3
Added Pin To Net: NetName=NetJP6_3 Pin=U1-21
Added Net: Name=NetJP6_3
Added Pin To Net: NetName=NetJP6_4 Pin=JP6-4
Added Pin To Net: NetName=NetJP6_4 Pin=U1-22
Added Net: Name=NetJP6_4
Added Pin To Net: NetName=NetJP6_5 Pin=JP6-5
Added Pin To Net: NetName=NetJP6_5 Pin=U1-27
Added Net: Name=NetJP6_5
Added Pin To Net: NetName=NetJP6_6 Pin=JP6-6
Added Pin To Net: NetName=NetJP6_6 Pin=U1-28
Added Net: Name=NetJP6_6
Added Pin To Net: NetName=NetJP6_7 Pin=JP6-7
Added Pin To Net: NetName=NetJP6_7 Pin=U1-29
Added Net: Name=NetJP6_7
Added Pin To Net: NetName=NetJP6_8 Pin=JP6-8
Added Pin To Net: NetName=NetJP6_8 Pin=U1-30
Added Net: Name=NetJP6_8
Added Pin To Net: NetName=VCC Pin=C1-3
Added Pin To Net: NetName=VCC Pin=C2-1
Added Pin To Net: NetName=VCC Pin=D9-1
Added Net: Name=VCC
Added Class: Name=rs232_pic
Added Room: Name=rs232_pic
